\BOOKMARK [1][-]{section.1}{R}{}% 1
\BOOKMARK [2][-]{subsection.1.1}{Purpose and Motivations}{section.1}% 2
\BOOKMARK [2][-]{subsection.1.2}{History \(Authors, Revisions, Adoption\)}{section.1}% 3
\BOOKMARK [3][-]{subsubsection.1.2.1}{S, the precursor of R}{subsection.1.2}% 4
\BOOKMARK [3][-]{subsubsection.1.2.2}{R}{subsection.1.2}% 5
\BOOKMARK [2][-]{subsection.1.3}{Language Features}{section.1}% 6
\BOOKMARK [2][-]{subsection.1.4}{Paradigm\(s\)}{section.1}% 7
\BOOKMARK [2][-]{subsection.1.5}{Language Evaluation Criteria}{section.1}% 8
\BOOKMARK [3][-]{subsubsection.1.5.1}{Data Types}{subsection.1.5}% 9
\BOOKMARK [3][-]{subsubsection.1.5.2}{Binding, Scoping, Referencing}{subsection.1.5}% 10
\BOOKMARK [3][-]{subsubsection.1.5.3}{Expressions}{subsection.1.5}% 11
\BOOKMARK [3][-]{subsubsection.1.5.4}{Statements and Control Structures}{subsection.1.5}% 12
\BOOKMARK [3][-]{subsubsection.1.5.5}{Functions \(Procedures or Subprograms\)}{subsection.1.5}% 13
\BOOKMARK [1][-]{section.2}{C++}{}% 14
\BOOKMARK [2][-]{subsection.2.1}{Purpose and Motivations}{section.2}% 15
\BOOKMARK [2][-]{subsection.2.2}{History \(Authors, Revisions, Adoption\)}{section.2}% 16
\BOOKMARK [3][-]{subsubsection.2.2.1}{Early Development}{subsection.2.2}% 17
\BOOKMARK [3][-]{subsubsection.2.2.2}{International Recognition and Standardization}{subsection.2.2}% 18
\BOOKMARK [2][-]{subsection.2.3}{Language Features}{section.2}% 19
\BOOKMARK [2][-]{subsection.2.4}{Paradigm\(s\)}{section.2}% 20
\BOOKMARK [2][-]{subsection.2.5}{Language Evaluation Criteria}{section.2}% 21
\BOOKMARK [3][-]{subsubsection.2.5.1}{Data Types}{subsection.2.5}% 22
\BOOKMARK [3][-]{subsubsection.2.5.2}{Binding, Scoping, Referencing}{subsection.2.5}% 23
\BOOKMARK [3][-]{subsubsection.2.5.3}{Expressions}{subsection.2.5}% 24
\BOOKMARK [3][-]{subsubsection.2.5.4}{Statements and Control Structures}{subsection.2.5}% 25
\BOOKMARK [3][-]{subsubsection.2.5.5}{Procedures and Subprograms}{subsection.2.5}% 26
\BOOKMARK [1][-]{section.3}{Feature 1: Struct}{}% 27
\BOOKMARK [2][-]{subsection.3.1}{Description of the feature and Code in C++}{section.3}% 28
\BOOKMARK [2][-]{subsection.3.2}{Code in C++}{section.3}% 29
\BOOKMARK [2][-]{subsection.3.3}{Advantages of having Structs}{section.3}% 30
\BOOKMARK [2][-]{subsection.3.4}{Advantages of not having Structs}{section.3}% 31
\BOOKMARK [2][-]{subsection.3.5}{Workaround in R}{section.3}% 32
\BOOKMARK [1][-]{section.4}{Feature 2: Overloaded functions}{}% 33
\BOOKMARK [2][-]{subsection.4.1}{Description of the feature and Code in C++}{section.4}% 34
\BOOKMARK [2][-]{subsection.4.2}{Advantages of having Overloaded functions}{section.4}% 35
\BOOKMARK [2][-]{subsection.4.3}{Advantages of not having Overloaded functions}{section.4}% 36
\BOOKMARK [2][-]{subsection.4.4}{Workaround in R}{section.4}% 37
\BOOKMARK [1][-]{section.5}{Feature 3: Do-while loops}{}% 38
\BOOKMARK [2][-]{subsection.5.1}{Description of feature and Code in C++}{section.5}% 39
\BOOKMARK [2][-]{subsection.5.2}{Advantages of having Do-while loops}{section.5}% 40
\BOOKMARK [2][-]{subsection.5.3}{Advantages of not having Do-while loops}{section.5}% 41
\BOOKMARK [2][-]{subsection.5.4}{Workaround in R}{section.5}% 42
\BOOKMARK [1][-]{section.6}{Conclusion}{}% 43
